     1                                  %macro mycopy 2
     2                                  	mov esi,%1
     3                                  	mov edi,%2
     4                                  ;;lp:				;;change for %%lp
     5                                  %%lp:	
     6                                  	cmp byte[esi],0
     7                                  ;;	jz myend		;;change for %%myend
     8                                  	jz %%myend	
     9                                  	mov al,byte[esi]
    10                                  	mov byte[edi],al
    11                                  	inc esi
    12                                  	inc edi
    13                                  ;;	jmp lp			;;change for %%lp
    14                                  	jmp %%lp		
    15                                  ;;myend: 			;;change for %%myend
    16                                  %%myend:
    17                                  	nop
    18                                  
    19                                  %endmacro
    20                                  
    21                                  section .data
    22 00000000 546869732069732061-     	msg db "This is a program for macro",0
    22 00000009 2070726F6772616D20-
    22 00000012 666F72206D6163726F-
    22 0000001B 00                 
    23                                  	len equ $-msg
    24                                  
    25                                  section .bss
    26 00000000 <res 0000001C>          	msg1 resb len
    27                                  
    28                                  section .text
    29                                  	global main
    30                                  	extern printf,puts
    31                                  
    32                                  main:
    33                                  	mycopy msg,msg1
    33 00000000 BE[00000000]        <1>  mov esi,%1
    33 00000005 BF[00000000]        <1>  mov edi,%2
    33                              <1> 
    33                              <1> %%lp:
    33 0000000A 803E00              <1>  cmp byte[esi],0
    33                              <1> 
    33 0000000D 7408                <1>  jz %%myend
    33 0000000F 8A06                <1>  mov al,byte[esi]
    33 00000011 8807                <1>  mov byte[edi],al
    33 00000013 46                  <1>  inc esi
    33 00000014 47                  <1>  inc edi
    33                              <1> 
    33 00000015 EBF3                <1>  jmp %%lp
    33                              <1> 
    33                              <1> %%myend:
    33 00000017 90                  <1>  nop
    33                              <1> 
    34 00000018 68[00000000]            	push msg1
    35 0000001D E8(00000000)            	call puts
    36 00000022 83C404                  	add esp,4
    37 00000025 C3                      	ret
    38                                  	
    39                                  
